<?xml version="1.0" encoding="UTF-8"?>
<coverage generated="1693310137795" clover="3.2.0">
  <project timestamp="1693310137795" name="All files">
    <metrics statements="9" coveredstatements="9" conditionals="2" coveredconditionals="2" methods="2" coveredmethods="2" elements="13" coveredelements="13" complexity="0" loc="9" ncloc="9" packages="1" files="1" classes="1"/>
    <file name="basic.js" path="/Users/nikolyazamyatin/06-object,reflection,proxy/01/src/js/basic.js">
      <metrics statements="9" coveredstatements="9" conditionals="2" coveredconditionals="2" methods="2" coveredmethods="2"/>
      <line num="2" count="3" type="stmt"/>
      <line num="3" count="3" type="stmt"/>
      <line num="5" count="3" type="stmt"/>
      <line num="6" count="15" type="cond" truecount="2" falsecount="0"/>
      <line num="7" count="6" type="stmt"/>
      <line num="8" count="6" type="stmt"/>
      <line num="9" count="9" type="stmt"/>
      <line num="11" count="12" type="stmt"/>
      <line num="13" count="3" type="stmt"/>
    </file>
  </project>
</coverage>
