{"/Users/nikolyazamyatin/06-object,reflection,proxy/01/src/js/basic.js": {"path":"/Users/nikolyazamyatin/06-object,reflection,proxy/01/src/js/basic.js","statementMap":{"0":{"start":{"line":2,"column":14},"end":{"line":2,"column":16}},"1":{"start":{"line":3,"column":15},"end":{"line":3,"column":17}},"2":{"start":{"line":5,"column":2},"end":{"line":10,"column":3}},"3":{"start":{"line":6,"column":4},"end":{"line":9,"column":54}},"4":{"start":{"line":7,"column":20},"end":{"line":7,"column":41}},"5":{"start":{"line":8,"column":6},"end":{"line":8,"column":60}},"6":{"start":{"line":9,"column":11},"end":{"line":9,"column":54}},"7":{"start":{"line":11,"column":2},"end":{"line":11,"column":50}},"8":{"start":{"line":11,"column":22},"end":{"line":11,"column":48}},"9":{"start":{"line":13,"column":2},"end":{"line":13,"column":26}}},"fnMap":{"0":{"name":"orderByProps","decl":{"start":{"line":1,"column":24},"end":{"line":1,"column":36}},"loc":{"start":{"line":1,"column":51},"end":{"line":14,"column":1}},"line":1},"1":{"name":"(anonymous_1)","decl":{"start":{"line":11,"column":12},"end":{"line":11,"column":13}},"loc":{"start":{"line":11,"column":22},"end":{"line":11,"column":48}},"line":11}},"branchMap":{"0":{"loc":{"start":{"line":6,"column":4},"end":{"line":9,"column":54}},"type":"if","locations":[{"start":{"line":6,"column":4},"end":{"line":9,"column":54}},{"start":{"line":9,"column":11},"end":{"line":9,"column":54}}],"line":6}},"s":{"0":3,"1":3,"2":3,"3":15,"4":6,"5":6,"6":9,"7":3,"8":12,"9":3},"f":{"0":3,"1":12},"b":{"0":[6,9]},"_coverageSchema":"1a1c01bbd47fc00a2c39e90264f33305004495a9","hash":"447d62d9873c1c12075c6381c9a3d11bbafe8ece"}
}
